<?xml version="1.0" encoding="UTF-8"?>
<testng-results ignored="1" total="2" passed="1" failed="0" skipped="0">
  <reporter-output>
  </reporter-output>
  <suite started-at="2025-01-20T14:16:47 IST" name="Default suite" finished-at="2025-01-20T14:16:58 IST" duration-ms="11206">
    <groups>
    </groups>
    <test started-at="2025-01-20T14:16:47 IST" name="Default test" finished-at="2025-01-20T14:16:58 IST" duration-ms="11206">
      <class name="com.RBLBANK.CollectAPIPayload">
        <test-method signature="executeCollectsForDesiredNum()[pri:0, instance:com.RBLBANK.CollectAPIPayload@7dfd3c81]" started-at="2025-01-20T14:16:47 IST" name="executeCollectsForDesiredNum" finished-at="2025-01-20T14:16:58 IST" duration-ms="11145" status="PASS">
          <reporter-output>
          </reporter-output>
        </test-method> <!-- executeCollectsForDesiredNum -->
      </class> <!-- com.RBLBANK.CollectAPIPayload -->
    </test> <!-- Default test -->
  </suite> <!-- Default suite -->
</testng-results>
