<?xml version="1.0" encoding="UTF-8"?>
<!-- Generated by org.testng.reporters.JUnitXMLReporter -->
<testsuite ignored="3" hostname="GURU" failures="0" tests="1" name="Default test" time="1.637" errors="0" timestamp="2025-03-20T15:48:53 IST">
  <testcase classname="com.IDFC.uat.IDFC_API_Test" name="payout" time="1.603"/>
  <testcase classname="com.IDFC.uat.IDFC_API_Test" name="getStatement" time="0.0">
    <ignored/>
  </testcase> <!-- getStatement -->
  <testcase classname="com.IDFC.uat.IDFC_API_Test" name="getBalance" time="0.0">
    <ignored/>
  </testcase> <!-- getBalance -->
  <testcase classname="com.IDFC.uat.IDFC_API_Test" name="txnStatus" time="0.0">
    <ignored/>
  </testcase> <!-- txnStatus -->
</testsuite> <!-- Default test -->
