<?xml version="1.0" encoding="UTF-8"?>
<!-- Generated by org.testng.reporters.JUnitXMLReporter -->
<testsuite ignored="1" hostname="GURU" failures="0" tests="1" name="Default test" time="11.206" errors="0" timestamp="2025-01-20T14:16:58 IST">
  <testcase classname="com.RBLBANK.CollectAPIPayload" name="executeCollectsForDesiredNum" time="11.145"/>
  <testcase classname="com.RBLBANK.CollectAPIPayload" name="upiCollectPayload" time="0.0">
    <ignored/>
  </testcase> <!-- upiCollectPayload -->
</testsuite> <!-- Default test -->
